<?xml version="1.0" encoding="UTF-8"?>
<!-- Generated by org.testng.reporters.JUnitReportReporter -->
<testsuite hostname="stosys" failures="0" tests="1" name="site.ycsb.TestStatus" time="0.002" errors="0" timestamp="15 Jan 2024 22:56:27 GMT">
  <testcase classname="site.ycsb.TestStatus" name="testAcceptableStatus" time="0.002"/>
</testsuite>
