<?xml version="1.0" encoding="UTF-8"?>
<!-- Generated by org.testng.reporters.JUnitReportReporter -->
<testsuite hostname="stosys" failures="0" tests="2" name="site.ycsb.workloads.TestCoreWorkload" time="0.003" errors="0" timestamp="15 Jan 2024 22:56:27 GMT">
  <testcase classname="site.ycsb.workloads.TestCoreWorkload" name="createOperationChooserNullProperties" time="0.000"/>
  <testcase classname="site.ycsb.workloads.TestCoreWorkload" name="createOperationChooser" time="0.003"/>
</testsuite>
