<?xml version="1.0" encoding="UTF-8"?>
<!-- Generated by org.testng.reporters.JUnitReportReporter -->
<testsuite hostname="stosys" failures="0" tests="1" name="site.ycsb.generator.AcknowledgedCounterGeneratorTest" time="0.701" errors="0" timestamp="15 Jan 2024 22:56:27 GMT">
  <testcase classname="site.ycsb.generator.AcknowledgedCounterGeneratorTest" name="testIncrementPastIntegerMaxValue" time="0.701"/>
</testsuite>
