<?xml version="1.0" encoding="UTF-8"?>
<!-- Generated by org.testng.reporters.JUnitReportReporter -->
<testsuite hostname="stosys" failures="0" tests="3" name="site.ycsb.generator.TestRandomDiscreteTimestampGenerator" time="0.050" errors="0" timestamp="15 Jan 2024 22:56:27 GMT">
  <testcase classname="site.ycsb.generator.TestRandomDiscreteTimestampGenerator" name="withStartTime" time="0.001"/>
  <testcase classname="site.ycsb.generator.TestRandomDiscreteTimestampGenerator" name="tooLarge" time="0.048"/>
  <testcase classname="site.ycsb.generator.TestRandomDiscreteTimestampGenerator" name="systemTime" time="0.001"/>
</testsuite>
